<?xml version="1.0" encoding="UTF-8"?>
<testng-results skipped="0" failed="0" ignored="0" total="1" passed="1">
  <reporter-output>
  </reporter-output>
  <suite name="Default suite" duration-ms="17498" started-at="2019-01-24T12:34:07Z" finished-at="2019-01-24T12:34:24Z">
    <groups>
    </groups>
    <test name="Default test" duration-ms="17498" started-at="2019-01-24T12:34:07Z" finished-at="2019-01-24T12:34:24Z">
      <class name="Amazon1">
        <test-method status="PASS" signature="Amazon_product_images()[pri:0, instance:Amazon1@1a8a8f7c]" name="Amazon_product_images" duration-ms="17406" started-at="2019-01-24T12:34:07Z" finished-at="2019-01-24T12:34:24Z">
          <reporter-output>
          </reporter-output>
        </test-method> <!-- Amazon_product_images -->
      </class> <!-- Amazon1 -->
    </test> <!-- Default test -->
  </suite> <!-- Default suite -->
</testng-results>
